<?xml version="1.0" encoding="UTF-8"?>
<!-- Generated by org.testng.reporters.JUnitXMLReporter -->
<testsuite ignored="0" hostname="DESKTOP-OKRRNLE" failures="0" tests="1" name="Pick Date of Flight" time="0.032" errors="0" timestamp="22 Feb 2024 10:59:32 GMT">
  <testcase classname="Library.SpecialFunctions" name="@BeforeTest login" time="0.0">
    <failure type="org.testng.TestNGException" message="
Can inject only one of &amp;lt;ITestContext, XmlTest&amp;gt; into a @BeforeTest annotated login.
For more information on native dependency injection please refer to http://testng.org/doc/documentation-main.html#native-dependency-injection">
      <![CDATA[org.testng.TestNGException: 
Can inject only one of <ITestContext, XmlTest> into a @BeforeTest annotated login.
For more information on native dependency injection please refer to http://testng.org/doc/documentation-main.html#native-dependency-injection
... Removed 21 stack frames]]>
    </failure>
  </testcase> <!-- @BeforeTest login -->
  <testcase classname="Library.SpecialFunctions" name="@AfterTest logout" time="0.0">
    <skipped/>
  </testcase> <!-- @AfterTest logout -->
  <testcase classname="TestCases.CheckLoginWithValidInput" name="loginWithValidInput" time="0.0">
    <skipped/>
  </testcase> <!-- loginWithValidInput -->
</testsuite> <!-- Pick Date of Flight -->
