<?xml version="1.0" encoding="UTF-8"?>
<!-- Generated by org.testng.reporters.JUnitXMLReporter -->
<testsuite ignored="0" hostname="DESKTOP-OKRRNLE" failures="0" tests="3" name="Default test" time="9.821" errors="0" timestamp="2024-02-23T20:03:01 IST">
  <testcase classname="TestCases.CheckPreviousBookingOrders" name="isOrdersModuleMessageDisplayed" time="0.568"/>
  <testcase classname="TestCases.CheckPreviousBookingOrders" name="getOrderList" time="0.183"/>
  <testcase classname="TestCases.CheckPreviousBookingOrders" name="deleteUnwantedOrder" time="1.469"/>
</testsuite> <!-- Default test -->
