<?xml version="1.0" encoding="UTF-8"?>
<!-- Generated by org.testng.reporters.JUnitXMLReporter -->
<testsuite ignored="0" hostname="DESKTOP-OKRRNLE" failures="0" tests="6" name="Booking Flight Ticket Test Case" time="15.456" errors="0" timestamp="2024-02-24T12:00:33 IST">
  <testcase classname="TestCases.CheckSearchFlightResultsList" name="checkflightsRoute" time="0.247"/>
  <testcase classname="TestCases.CheckSearchFlightResultsList" name="selectFlight" time="4.507"/>
  <testcase classname="TestCases.CheckSearchFlightResultsList" name="selectFlightClass" time="2.186"/>
  <testcase classname="TestCases.CheckSearchFlightResultsList" name="enterName" time="2.098"/>
  <testcase classname="TestCases.CheckSearchFlightResultsList" name="numberOfTickets" time="2.198"/>
  <testcase classname="TestCases.CheckSearchFlightResultsList" name="clickInsertOrder" time="2.271"/>
</testsuite> <!-- Booking Flight Ticket Test Case -->
