<?xml version="1.0" encoding="UTF-8"?>
<!-- Generated by org.testng.reporters.JUnitXMLReporter -->
<testsuite ignored="0" hostname="DESKTOP-OKRRNLE" failures="0" tests="4" name="Select Flight Route" time="10.955" errors="0" timestamp="2024-02-23T12:23:05 IST">
  <testcase classname="TestCases.CheckSearchFlightResultsList" name="checkflightsRoute" time="0.219"/>
  <testcase classname="TestCases.CheckSearchFlightResultsList" name="selectFlight" time="4.345"/>
  <testcase classname="TestCases.CheckSearchFlightResultsList" name="selectFlightClass" time="2.203"/>
  <testcase classname="TestCases.CheckSearchFlightResultsList" name="enterName" time="2.321"/>
</testsuite> <!-- Select Flight Route -->
