<?xml version="1.0" encoding="UTF-8"?>
<testng-results ignored="0" total="1" passed="1" failed="0" skipped="0">
  <reporter-output>
  </reporter-output>
  <suite started-at="2024-02-22T11:47:33Z" name="Flight Booking App Test Cases" finished-at="2024-02-22T11:47:39Z" duration-ms="6104">
    <groups>
    </groups>
    <test started-at="2024-02-22T11:47:33Z" name="Check Pick Flight Reservation Date" finished-at="2024-02-22T11:47:39Z" duration-ms="6104">
      <class name="TestCases.CheckPickFlightDate">
        <test-method is-config="true" signature="invokeApp()[pri:0, instance:TestCases.CheckPickFlightDate@29176cc1]" started-at="2024-02-22T11:47:28Z" name="invokeApp" finished-at="2024-02-22T11:47:33Z" duration-ms="5529" status="PASS">
          <reporter-output>
          </reporter-output>
        </test-method> <!-- invokeApp -->
        <test-method is-config="true" signature="login()[pri:0, instance:TestCases.CheckPickFlightDate@29176cc1]" started-at="2024-02-22T11:47:33Z" name="login" finished-at="2024-02-22T11:47:39Z" duration-ms="5886" status="PASS">
          <reporter-output>
          </reporter-output>
        </test-method> <!-- login -->
        <test-method signature="CheckPickDate()[pri:0, instance:TestCases.CheckPickFlightDate@29176cc1]" started-at="2024-02-22T11:47:39Z" name="CheckPickDate" finished-at="2024-02-22T11:47:39Z" duration-ms="100" status="PASS">
          <reporter-output>
          </reporter-output>
        </test-method> <!-- CheckPickDate -->
        <test-method is-config="true" signature="logout()[pri:0, instance:TestCases.CheckPickFlightDate@29176cc1]" started-at="2024-02-22T11:47:39Z" name="logout" finished-at="2024-02-22T11:47:39Z" duration-ms="89" status="PASS">
          <reporter-output>
          </reporter-output>
        </test-method> <!-- logout -->
        <test-method is-config="true" signature="closeApp()[pri:0, instance:TestCases.CheckPickFlightDate@29176cc1]" started-at="2024-02-22T11:47:39Z" name="closeApp" finished-at="2024-02-22T11:47:40Z" duration-ms="201" status="PASS">
          <reporter-output>
          </reporter-output>
        </test-method> <!-- closeApp -->
      </class> <!-- TestCases.CheckPickFlightDate -->
    </test> <!-- Check Pick Flight Reservation Date -->
  </suite> <!-- Flight Booking App Test Cases -->
</testng-results>
