<?xml version="1.0" encoding="UTF-8"?>
<testng-results ignored="0" total="11" passed="11" failed="0" skipped="0">
  <reporter-output>
  </reporter-output>
  <suite started-at="2024-02-24T12:42:44 IST" name="Flight Booking App Test Cases" finished-at="2024-02-24T12:43:20 IST" duration-ms="35783">
    <groups>
    </groups>
    <test started-at="2024-02-24T12:42:44 IST" name="Pick FLight Reseravtion Date TestCase" finished-at="2024-02-24T12:42:52 IST" duration-ms="7311">
      <class name="TestCases.CheckPickFlightDate">
        <test-method is-config="true" signature="login()[pri:0, instance:TestCases.CheckPickFlightDate@10e31a9a]" started-at="2024-02-24T12:42:44 IST" name="login" finished-at="2024-02-24T12:42:48 IST" duration-ms="4174" status="PASS">
          <reporter-output>
          </reporter-output>
        </test-method> <!-- login -->
        <test-method signature="CheckPickDate(java.lang.String,java.lang.String,java.lang.String)[pri:0, instance:TestCases.CheckPickFlightDate@10e31a9a]" started-at="2024-02-24T12:42:48 IST" name="CheckPickDate" finished-at="2024-02-24T12:42:51 IST" duration-ms="2085" status="PASS">
          <params>
            <param index="0">
              <value>
                <![CDATA[April]]>
              </value>
            </param>
            <param index="1">
              <value>
                <![CDATA[2025]]>
              </value>
            </param>
            <param index="2">
              <value>
                <![CDATA[10]]>
              </value>
            </param>
          </params>
          <reporter-output>
          </reporter-output>
        </test-method> <!-- CheckPickDate -->
        <test-method is-config="true" signature="logout()[pri:0, instance:TestCases.CheckPickFlightDate@10e31a9a]" started-at="2024-02-24T12:42:51 IST" name="logout" finished-at="2024-02-24T12:42:52 IST" duration-ms="1001" status="PASS">
          <reporter-output>
          </reporter-output>
        </test-method> <!-- logout -->
      </class> <!-- TestCases.CheckPickFlightDate -->
    </test> <!-- Pick FLight Reseravtion Date TestCase -->
    <test started-at="2024-02-24T12:42:52 IST" name="Booking Flight Ticket Test Case" finished-at="2024-02-24T12:43:07 IST" duration-ms="15128">
      <class name="TestCases.CheckSearchFlightResultsList">
        <test-method is-config="true" signature="login()[pri:0, instance:TestCases.CheckSearchFlightResultsList@47eaca72]" started-at="2024-02-24T12:42:52 IST" name="login" finished-at="2024-02-24T12:42:53 IST" duration-ms="1021" status="PASS">
          <reporter-output>
          </reporter-output>
        </test-method> <!-- login -->
        <test-method signature="checkflightsRoute(java.lang.String,java.lang.String)[pri:1, instance:TestCases.CheckSearchFlightResultsList@47eaca72]" started-at="2024-02-24T12:42:53 IST" name="checkflightsRoute" finished-at="2024-02-24T12:42:53 IST" duration-ms="223" status="PASS">
          <params>
            <param index="0">
              <value>
                <![CDATA[Hyderabad]]>
              </value>
            </param>
            <param index="1">
              <value>
                <![CDATA[Kolkatha]]>
              </value>
            </param>
          </params>
          <reporter-output>
          </reporter-output>
        </test-method> <!-- checkflightsRoute -->
        <test-method signature="selectFlight(java.lang.String,java.lang.String,java.lang.String,java.lang.String)[pri:2, instance:TestCases.CheckSearchFlightResultsList@47eaca72]" started-at="2024-02-24T12:42:53 IST" name="selectFlight" finished-at="2024-02-24T12:42:57 IST" duration-ms="4246" status="PASS">
          <params>
            <param index="0">
              <value>
                <![CDATA[April]]>
              </value>
            </param>
            <param index="1">
              <value>
                <![CDATA[2025]]>
              </value>
            </param>
            <param index="2">
              <value>
                <![CDATA[10]]>
              </value>
            </param>
            <param index="3">
              <value>
                <![CDATA[Soft Airlines]]>
              </value>
            </param>
          </params>
          <reporter-output>
          </reporter-output>
        </test-method> <!-- selectFlight -->
        <test-method signature="selectFlightClass(java.lang.String)[pri:3, instance:TestCases.CheckSearchFlightResultsList@47eaca72]" started-at="2024-02-24T12:42:57 IST" name="selectFlightClass" finished-at="2024-02-24T12:42:59 IST" duration-ms="2203" status="PASS">
          <params>
            <param index="0">
              <value>
                <![CDATA[Business]]>
              </value>
            </param>
          </params>
          <reporter-output>
          </reporter-output>
        </test-method> <!-- selectFlightClass -->
        <test-method signature="enterName(java.lang.String)[pri:4, instance:TestCases.CheckSearchFlightResultsList@47eaca72]" started-at="2024-02-24T12:42:59 IST" name="enterName" finished-at="2024-02-24T12:43:01 IST" duration-ms="2126" status="PASS">
          <params>
            <param index="0">
              <value>
                <![CDATA[Sridhar Parutabad]]>
              </value>
            </param>
          </params>
          <reporter-output>
          </reporter-output>
        </test-method> <!-- enterName -->
        <test-method signature="numberOfTickets(java.lang.String)[pri:5, instance:TestCases.CheckSearchFlightResultsList@47eaca72]" started-at="2024-02-24T12:43:01 IST" name="numberOfTickets" finished-at="2024-02-24T12:43:04 IST" duration-ms="2170" status="PASS">
          <params>
            <param index="0">
              <value>
                <![CDATA[2]]>
              </value>
            </param>
          </params>
          <reporter-output>
          </reporter-output>
        </test-method> <!-- numberOfTickets -->
        <test-method signature="clickInsertOrder()[pri:6, instance:TestCases.CheckSearchFlightResultsList@47eaca72]" started-at="2024-02-24T12:43:04 IST" name="clickInsertOrder" finished-at="2024-02-24T12:43:06 IST" duration-ms="2303" status="PASS">
          <reporter-output>
          </reporter-output>
        </test-method> <!-- clickInsertOrder -->
        <test-method is-config="true" signature="logout()[pri:0, instance:TestCases.CheckSearchFlightResultsList@47eaca72]" started-at="2024-02-24T12:43:06 IST" name="logout" finished-at="2024-02-24T12:43:07 IST" duration-ms="813" status="PASS">
          <reporter-output>
          </reporter-output>
        </test-method> <!-- logout -->
      </class> <!-- TestCases.CheckSearchFlightResultsList -->
    </test> <!-- Booking Flight Ticket Test Case -->
    <test started-at="2024-02-24T12:43:07 IST" name="Previous Flight Booking Orders List" finished-at="2024-02-24T12:43:20 IST" duration-ms="13278">
      <class name="TestCases.CheckPreviousBookingOrders">
        <test-method is-config="true" signature="invokeApp()[pri:0, instance:TestCases.CheckPreviousBookingOrders@3e694b3f]" started-at="2024-02-24T12:42:40 IST" name="invokeApp" finished-at="2024-02-24T12:42:44 IST" duration-ms="4436" status="PASS">
          <reporter-output>
          </reporter-output>
        </test-method> <!-- invokeApp -->
        <test-method is-config="true" signature="login()[pri:0, instance:TestCases.CheckPreviousBookingOrders@3e694b3f]" started-at="2024-02-24T12:43:07 IST" name="login" finished-at="2024-02-24T12:43:08 IST" duration-ms="961" status="PASS">
          <reporter-output>
          </reporter-output>
        </test-method> <!-- login -->
        <test-method signature="isOrdersModuleMessageDisplayed()[pri:1, instance:TestCases.CheckPreviousBookingOrders@3e694b3f]" started-at="2024-02-24T12:43:08 IST" name="isOrdersModuleMessageDisplayed" finished-at="2024-02-24T12:43:08 IST" duration-ms="529" status="PASS">
          <reporter-output>
          </reporter-output>
        </test-method> <!-- isOrdersModuleMessageDisplayed -->
        <test-method signature="getOrderList()[pri:2, instance:TestCases.CheckPreviousBookingOrders@3e694b3f]" started-at="2024-02-24T12:43:08 IST" name="getOrderList" finished-at="2024-02-24T12:43:08 IST" duration-ms="204" status="PASS">
          <reporter-output>
          </reporter-output>
        </test-method> <!-- getOrderList -->
        <test-method signature="deleteUnwantedOrder(java.lang.String)[pri:3, instance:TestCases.CheckPreviousBookingOrders@3e694b3f]" started-at="2024-02-24T12:43:08 IST" name="deleteUnwantedOrder" finished-at="2024-02-24T12:43:13 IST" duration-ms="5058" status="PASS">
          <params>
            <param index="0">
              <value>
                <![CDATA[10059]]>
              </value>
            </param>
          </params>
          <reporter-output>
          </reporter-output>
        </test-method> <!-- deleteUnwantedOrder -->
        <test-method signature="viewOrderIdDetails(java.lang.String)[pri:4, instance:TestCases.CheckPreviousBookingOrders@3e694b3f]" started-at="2024-02-24T12:43:13 IST" name="viewOrderIdDetails" finished-at="2024-02-24T12:43:19 IST" duration-ms="5650" status="PASS">
          <params>
            <param index="0">
              <value>
                <![CDATA[10030]]>
              </value>
            </param>
          </params>
          <reporter-output>
          </reporter-output>
        </test-method> <!-- viewOrderIdDetails -->
        <test-method is-config="true" signature="logout()[pri:0, instance:TestCases.CheckPreviousBookingOrders@3e694b3f]" started-at="2024-02-24T12:43:19 IST" name="logout" finished-at="2024-02-24T12:43:20 IST" duration-ms="867" status="PASS">
          <reporter-output>
          </reporter-output>
        </test-method> <!-- logout -->
        <test-method is-config="true" signature="closeApp()[pri:0, instance:TestCases.CheckPreviousBookingOrders@3e694b3f]" started-at="2024-02-24T12:43:20 IST" name="closeApp" finished-at="2024-02-24T12:43:20 IST" duration-ms="202" status="PASS">
          <reporter-output>
          </reporter-output>
        </test-method> <!-- closeApp -->
      </class> <!-- TestCases.CheckPreviousBookingOrders -->
    </test> <!-- Previous Flight Booking Orders List -->
  </suite> <!-- Flight Booking App Test Cases -->
</testng-results>
