<?xml version="1.0" encoding="UTF-8"?>
<testng-results ignored="0" total="11" passed="11" failed="0" skipped="0">
  <reporter-output>
  </reporter-output>
  <suite started-at="2024-02-24T12:00:08 IST" name="Flight Booking App Test Cases" finished-at="2024-02-24T12:00:46 IST" duration-ms="38019">
    <groups>
    </groups>
    <test started-at="2024-02-24T12:00:08 IST" name="Pick FLight Reseravtion Date TestCase" finished-at="2024-02-24T12:00:18 IST" duration-ms="9537">
      <class name="TestCases.CheckPickFlightDate">
        <test-method is-config="true" signature="login()[pri:0, instance:TestCases.CheckPickFlightDate@10e31a9a]" started-at="2024-02-24T12:00:08 IST" name="login" finished-at="2024-02-24T12:00:15 IST" duration-ms="6453" status="PASS">
          <reporter-output>
          </reporter-output>
        </test-method> <!-- login -->
        <test-method signature="CheckPickDate(java.lang.String,java.lang.String,java.lang.String)[pri:0, instance:TestCases.CheckPickFlightDate@10e31a9a]" started-at="2024-02-24T12:00:15 IST" name="CheckPickDate" finished-at="2024-02-24T12:00:17 IST" duration-ms="2082" status="PASS">
          <params>
            <param index="0">
              <value>
                <![CDATA[April]]>
              </value>
            </param>
            <param index="1">
              <value>
                <![CDATA[2025]]>
              </value>
            </param>
            <param index="2">
              <value>
                <![CDATA[10]]>
              </value>
            </param>
          </params>
          <reporter-output>
          </reporter-output>
        </test-method> <!-- CheckPickDate -->
        <test-method is-config="true" signature="logout()[pri:0, instance:TestCases.CheckPickFlightDate@10e31a9a]" started-at="2024-02-24T12:00:17 IST" name="logout" finished-at="2024-02-24T12:00:18 IST" duration-ms="956" status="PASS">
          <reporter-output>
          </reporter-output>
        </test-method> <!-- logout -->
      </class> <!-- TestCases.CheckPickFlightDate -->
    </test> <!-- Pick FLight Reseravtion Date TestCase -->
    <test started-at="2024-02-24T12:00:18 IST" name="Booking Flight Ticket Test Case" finished-at="2024-02-24T12:00:33 IST" duration-ms="15456">
      <class name="TestCases.CheckSearchFlightResultsList">
        <test-method is-config="true" signature="login()[pri:0, instance:TestCases.CheckSearchFlightResultsList@47eaca72]" started-at="2024-02-24T12:00:18 IST" name="login" finished-at="2024-02-24T12:00:19 IST" duration-ms="1045" status="PASS">
          <reporter-output>
          </reporter-output>
        </test-method> <!-- login -->
        <test-method signature="checkflightsRoute(java.lang.String,java.lang.String)[pri:1, instance:TestCases.CheckSearchFlightResultsList@47eaca72]" started-at="2024-02-24T12:00:19 IST" name="checkflightsRoute" finished-at="2024-02-24T12:00:19 IST" duration-ms="247" status="PASS">
          <params>
            <param index="0">
              <value>
                <![CDATA[Hyderabad]]>
              </value>
            </param>
            <param index="1">
              <value>
                <![CDATA[Kolkatha]]>
              </value>
            </param>
          </params>
          <reporter-output>
          </reporter-output>
        </test-method> <!-- checkflightsRoute -->
        <test-method signature="selectFlight(java.lang.String,java.lang.String,java.lang.String,java.lang.String)[pri:2, instance:TestCases.CheckSearchFlightResultsList@47eaca72]" started-at="2024-02-24T12:00:19 IST" name="selectFlight" finished-at="2024-02-24T12:00:23 IST" duration-ms="4507" status="PASS">
          <params>
            <param index="0">
              <value>
                <![CDATA[April]]>
              </value>
            </param>
            <param index="1">
              <value>
                <![CDATA[2025]]>
              </value>
            </param>
            <param index="2">
              <value>
                <![CDATA[10]]>
              </value>
            </param>
            <param index="3">
              <value>
                <![CDATA[Soft Airlines]]>
              </value>
            </param>
          </params>
          <reporter-output>
          </reporter-output>
        </test-method> <!-- selectFlight -->
        <test-method signature="selectFlightClass(java.lang.String)[pri:3, instance:TestCases.CheckSearchFlightResultsList@47eaca72]" started-at="2024-02-24T12:00:23 IST" name="selectFlightClass" finished-at="2024-02-24T12:00:26 IST" duration-ms="2186" status="PASS">
          <params>
            <param index="0">
              <value>
                <![CDATA[Business]]>
              </value>
            </param>
          </params>
          <reporter-output>
          </reporter-output>
        </test-method> <!-- selectFlightClass -->
        <test-method signature="enterName(java.lang.String)[pri:4, instance:TestCases.CheckSearchFlightResultsList@47eaca72]" started-at="2024-02-24T12:00:26 IST" name="enterName" finished-at="2024-02-24T12:00:28 IST" duration-ms="2098" status="PASS">
          <params>
            <param index="0">
              <value>
                <![CDATA[Sridhar Parutabad]]>
              </value>
            </param>
          </params>
          <reporter-output>
          </reporter-output>
        </test-method> <!-- enterName -->
        <test-method signature="numberOfTickets(java.lang.String)[pri:5, instance:TestCases.CheckSearchFlightResultsList@47eaca72]" started-at="2024-02-24T12:00:28 IST" name="numberOfTickets" finished-at="2024-02-24T12:00:30 IST" duration-ms="2198" status="PASS">
          <params>
            <param index="0">
              <value>
                <![CDATA[2]]>
              </value>
            </param>
          </params>
          <reporter-output>
          </reporter-output>
        </test-method> <!-- numberOfTickets -->
        <test-method signature="clickInsertOrder()[pri:6, instance:TestCases.CheckSearchFlightResultsList@47eaca72]" started-at="2024-02-24T12:00:30 IST" name="clickInsertOrder" finished-at="2024-02-24T12:00:32 IST" duration-ms="2271" status="PASS">
          <reporter-output>
          </reporter-output>
        </test-method> <!-- clickInsertOrder -->
        <test-method is-config="true" signature="logout()[pri:0, instance:TestCases.CheckSearchFlightResultsList@47eaca72]" started-at="2024-02-24T12:00:32 IST" name="logout" finished-at="2024-02-24T12:00:33 IST" duration-ms="887" status="PASS">
          <reporter-output>
          </reporter-output>
        </test-method> <!-- logout -->
      </class> <!-- TestCases.CheckSearchFlightResultsList -->
    </test> <!-- Booking Flight Ticket Test Case -->
    <test started-at="2024-02-24T12:00:33 IST" name="Previous Flight Booking Orders List" finished-at="2024-02-24T12:00:46 IST" duration-ms="12953">
      <class name="TestCases.CheckPreviousBookingOrders">
        <test-method is-config="true" signature="invokeApp()[pri:0, instance:TestCases.CheckPreviousBookingOrders@1bb5a082]" started-at="2024-02-24T12:00:03 IST" name="invokeApp" finished-at="2024-02-24T12:00:08 IST" duration-ms="5474" status="PASS">
          <reporter-output>
          </reporter-output>
        </test-method> <!-- invokeApp -->
        <test-method is-config="true" signature="login()[pri:0, instance:TestCases.CheckPreviousBookingOrders@1bb5a082]" started-at="2024-02-24T12:00:33 IST" name="login" finished-at="2024-02-24T12:00:34 IST" duration-ms="944" status="PASS">
          <reporter-output>
          </reporter-output>
        </test-method> <!-- login -->
        <test-method signature="isOrdersModuleMessageDisplayed()[pri:1, instance:TestCases.CheckPreviousBookingOrders@1bb5a082]" started-at="2024-02-24T12:00:34 IST" name="isOrdersModuleMessageDisplayed" finished-at="2024-02-24T12:00:35 IST" duration-ms="501" status="PASS">
          <reporter-output>
          </reporter-output>
        </test-method> <!-- isOrdersModuleMessageDisplayed -->
        <test-method signature="getOrderList()[pri:2, instance:TestCases.CheckPreviousBookingOrders@1bb5a082]" started-at="2024-02-24T12:00:35 IST" name="getOrderList" finished-at="2024-02-24T12:00:35 IST" duration-ms="204" status="PASS">
          <reporter-output>
          </reporter-output>
        </test-method> <!-- getOrderList -->
        <test-method signature="deleteUnwantedOrder(java.lang.String)[pri:3, instance:TestCases.CheckPreviousBookingOrders@1bb5a082]" started-at="2024-02-24T12:00:35 IST" name="deleteUnwantedOrder" finished-at="2024-02-24T12:00:40 IST" duration-ms="4929" status="PASS">
          <params>
            <param index="0">
              <value>
                <![CDATA[10059]]>
              </value>
            </param>
          </params>
          <reporter-output>
          </reporter-output>
        </test-method> <!-- deleteUnwantedOrder -->
        <test-method signature="viewOrderIdDetails(java.lang.String)[pri:4, instance:TestCases.CheckPreviousBookingOrders@1bb5a082]" started-at="2024-02-24T12:00:40 IST" name="viewOrderIdDetails" finished-at="2024-02-24T12:00:45 IST" duration-ms="5533" status="PASS">
          <params>
            <param index="0">
              <value>
                <![CDATA[10030]]>
              </value>
            </param>
          </params>
          <reporter-output>
          </reporter-output>
        </test-method> <!-- viewOrderIdDetails -->
        <test-method is-config="true" signature="logout()[pri:0, instance:TestCases.CheckPreviousBookingOrders@1bb5a082]" started-at="2024-02-24T12:00:45 IST" name="logout" finished-at="2024-02-24T12:00:46 IST" duration-ms="832" status="PASS">
          <reporter-output>
          </reporter-output>
        </test-method> <!-- logout -->
        <test-method is-config="true" signature="closeApp()[pri:0, instance:TestCases.CheckPreviousBookingOrders@1bb5a082]" started-at="2024-02-24T12:00:46 IST" name="closeApp" finished-at="2024-02-24T12:00:46 IST" duration-ms="226" status="PASS">
          <reporter-output>
          </reporter-output>
        </test-method> <!-- closeApp -->
      </class> <!-- TestCases.CheckPreviousBookingOrders -->
    </test> <!-- Previous Flight Booking Orders List -->
  </suite> <!-- Flight Booking App Test Cases -->
</testng-results>
